<?xml version="1.0" encoding="UTF-8"?>
<testng-results ignored="0" total="1" passed="1" failed="0" skipped="0">
  <reporter-output>
  </reporter-output>
  <suite started-at="2024-01-12T02:23:53 EST" name="Default suite" finished-at="2024-01-12T02:24:11 EST" duration-ms="17463">
    <groups>
    </groups>
    <test started-at="2024-01-12T02:23:53 EST" name="Default test" finished-at="2024-01-12T02:24:11 EST" duration-ms="17463">
      <class name="com.qa.tn.part1_Checkout_TestCase.CheckOutTest">
        <test-method is-config="true" signature="setup()[pri:0, instance:com.qa.tn.part1_Checkout_TestCase.CheckOutTest@a38c7fe]" started-at="2024-01-12T02:23:53 EST" name="setup" finished-at="2024-01-12T02:24:06 EST" duration-ms="12579" status="PASS">
          <reporter-output>
          </reporter-output>
        </test-method> <!-- setup -->
        <test-method signature="checkOutAsGuestUser()[pri:0, instance:com.qa.tn.part1_Checkout_TestCase.CheckOutTest@a38c7fe]" started-at="2024-01-12T02:24:06 EST" name="checkOutAsGuestUser" finished-at="2024-01-12T02:24:11 EST" duration-ms="4714" status="PASS">
          <reporter-output>
          </reporter-output>
        </test-method> <!-- checkOutAsGuestUser -->
        <test-method is-config="true" signature="tearDown()[pri:0, instance:com.qa.tn.part1_Checkout_TestCase.CheckOutTest@a38c7fe]" started-at="2024-01-12T02:24:11 EST" name="tearDown" finished-at="2024-01-12T02:24:11 EST" duration-ms="139" status="PASS">
          <reporter-output>
          </reporter-output>
        </test-method> <!-- tearDown -->
      </class> <!-- com.qa.tn.part1_Checkout_TestCase.CheckOutTest -->
    </test> <!-- Default test -->
  </suite> <!-- Default suite -->
</testng-results>
